The SAS System                                                                                  18:05 Friday, September 23, 2016   1

Variable
-----------
periodicity
seasonadj  
geo_level  
geography  
ind_level  
industry   
ownercode  
sex        
agegrp     
race       
ethnicity  
education  
firmage    
firmsize   
year       
quarter    
The SAS System                                                                                  18:05 Friday, September 23, 2016   2

The FREQ Procedure

             Group: Industry level of aggregation
 
                                      Cumulative    Cumulative
ind_level    Frequency     Percent     Frequency      Percent
--------------------------------------------------------------
4              810513       99.68        810513        99.68  
A                2619        0.32        813132       100.00  
Should be no 2s                                                                                 18:05 Friday, September 23, 2016   3

The FREQ Procedure

                                   Cumulative    Cumulative
_merge    Frequency     Percent     Frequency      Percent
-----------------------------------------------------------
     1      684936       84.51        684936        84.51  
     2           4        0.00        684940        84.51  
     3      125577       15.49        810517       100.00  
Should be no 2s                                                                                 18:05 Friday, September 23, 2016   4

       p
       e                                                                     h         o         o
       r s g g i      o       e e                                            k         e         e
       i e e e n  i   w       t d   f                                        r         s         s
       o a o o d  n   n       h u f i   q                                    0         1         1             f
       d s _ g _  d   e   a   n c i r   u _ _                                5         2         4     _   f a e
       i o l r l  u   r   g   i a r m   a T F                     n          h         h         h     m   e g m
       c n e a e  s   c   e r c t m s y r Y R                     a          t         t         t     e   m e _
   O   i a v p v  t   o s g a i i a i e t P E                     i          l         l         l     r   a n a
   b   t d e h e  r   d e r c t o g z a e E Q       c c j j       c          v         v         v     g h l u g
   s   y j l y l  y   e x p e y n e e r r _ _ b e f a s c d       s          l         l         l     e t e m e

533467           5161                 . . . . . . . . . . .         5161 Level I                       2 0 0 . .
538706           5173                 . . . . . . . . . . .         5173 Level III                     2 0 0 . .
543945           5181                 . . . . . . . . . . .         5181 Level I                       2 0 0 . .
810517           9999                 . . . . . . . . . . .         9999 Level II                      2 0 0 . .
Means of select variables, by HT status                                                         18:05 Friday, September 23, 2016   5

The MEANS Procedure

          ht   N Obs  Variable  Label                                   N          Mean       Std Dev       Minimum       Maximum
---------------------------------------------------------------------------------------------------------------------------------
           0   52666  b         Employment: Counts                  51727      10726.37      18775.31             0     209991.33
                      e         Employment end-of-quarter: Counts   51702      10787.71      18858.96             0     211791.33
                      f         Employment stable jobs: Counts      51191       9168.35      15892.08             0     202202.33
                      ca        End-of-quarter hires                51131       1634.46       3724.82             0      59144.50
                      cs        Beginning-of-quarter separations    51157       1543.77       3521.59             0      56176.50
                      jc        Firm Job Gains: Counts              51164   770.0592865       1564.14             0      26672.50
                      jd        Firm Job Loss: Counts               51164   680.2811547       1376.84             0      22654.00
                      female                                        52666     0.5000000     0.5000047             0     1.0000000

           1    7372  b         Employment: Counts                   7222      12384.37      16024.16             0      95009.00
                      e         Employment end-of-quarter: Counts    7220      12419.23      16040.42             0      85400.67
                      f         Employment stable jobs: Counts       7146      11364.88      14567.67             0      84938.00
                      ca        End-of-quarter hires                 7146       1066.45       1699.69             0      14821.00
                      cs        Beginning-of-quarter separations     7146       1011.03       1549.08             0      12360.67
                      jc        Firm Job Gains: Counts               7146   549.5293637   916.5365294             0       9892.00
                      jd        Firm Job Loss: Counts                7146   494.9713359   769.9928408             0      10687.33
                      female                                         7372     0.5000000     0.5000339             0     1.0000000
---------------------------------------------------------------------------------------------------------------------------------
Distribution of age groups, weighted by employment, by HT status                                18:05 Friday, September 23, 2016   6

The FREQ Procedure

Table of agegrp by ht

agegrp(Group: Age group)     ht

Frequency|
Percent  |
Row Pct  |
Col Pct  |       0|       1|  Total
---------+--------+--------+
A01      |1.882E7 | 554608 |1.937E7
         |   2.92 |   0.09 |   3.01
         |  97.14 |   2.86 |
         |   3.39 |   0.62 |
---------+--------+--------+
A02      |3.434E7 |1862745 | 3.62E7
         |   5.33 |   0.29 |   5.62
         |  94.85 |   5.15 |
         |   6.19 |   2.08 |
---------+--------+--------+
A03      |3.979E7 |4003830 |4.379E7
         |   6.17 |   0.62 |   6.80
         |  90.86 |   9.14 |
         |   7.17 |   4.48 |
---------+--------+--------+
A04      | 1.39E8 |2.369E7 |1.626E8
         |  21.56 |   3.68 |  25.24
         |  85.43 |  14.57 |
         |  25.04 |  26.49 |
---------+--------+--------+
A05      | 1.34E8 |2.622E7 |1.603E8
         |  20.80 |   4.07 |  24.87
         |  83.64 |  16.36 |
         |  24.15 |  29.32 |
---------+--------+--------+
A06      |1.089E8 |2.106E7 |  1.3E8
         |  16.90 |   3.27 |  20.17
         |  83.80 |  16.20 |
         |  19.62 |  23.55 |
---------+--------+--------+
A07      |5.937E7 |1.012E7 |6.949E7
         |   9.21 |   1.57 |  10.78
         |  85.44 |  14.56 |
         |  10.70 |  11.31 |
---------+--------+--------+
A08      |2.079E7 |1914415 |2.271E7
         |   3.23 |   0.30 |   3.52
         |  91.57 |   8.43 |
         |   3.75 |   2.14 |
---------+--------+--------+
Total      5.55E8  8.943E7  6.444E8
            86.12    13.88   100.00
Distribution of sex-age groups, weighted by employment, by HT status                            18:05 Friday, September 23, 2016   7

The FREQ Procedure

Table of fem_age by ht

fem_age     ht

Frequency|
Percent  |
Row Pct  |
Col Pct  |       0|       1|  Total
---------+--------+--------+
       1 |9058599 | 281727 |9340326
         |   1.41 |   0.04 |   1.45
         |  96.98 |   3.02 |
         |   1.63 |   0.32 |
---------+--------+--------+
       2 | 1.69E7 | 974143 |1.787E7
         |   2.62 |   0.15 |   2.77
         |  94.55 |   5.45 |
         |   3.04 |   1.09 |
---------+--------+--------+
       3 |1.997E7 |2148007 |2.212E7
         |   3.10 |   0.33 |   3.43
         |  90.29 |   9.71 |
         |   3.60 |   2.40 |
---------+--------+--------+
       4 |7.399E7 |1.386E7 |8.785E7
         |  11.48 |   2.15 |  13.63
         |  84.23 |  15.77 |
         |  13.33 |  15.49 |
---------+--------+--------+
       5 | 7.18E7 |1.595E7 |8.775E7
         |  11.14 |   2.47 |  13.61
         |  81.82 |  18.18 |
         |  12.93 |  17.84 |
---------+--------+--------+
       6 |5.613E7 |1.284E7 |6.897E7
         |   8.71 |   1.99 |  10.70
         |  81.39 |  18.61 |
         |  10.11 |  14.36 |
---------+--------+--------+
       7 |3.058E7 |6400040 |3.698E7
         |   4.74 |   0.99 |   5.74
         |  82.69 |  17.31 |
         |   5.51 |   7.16 |
---------+--------+--------+
       8 |1.105E7 |1237420 |1.229E7
         |   1.71 |   0.19 |   1.91
         |  89.93 |  10.07 |
         |   1.99 |   1.38 |
---------+--------+--------+
Total     5.552E8  8.943E7  6.447E8
            86.13    13.87   100.00
(Continued)
Distribution of sex-age groups, weighted by employment, by HT status                            18:05 Friday, September 23, 2016   8

The FREQ Procedure

Table of fem_age by ht

fem_age     ht

Frequency|
Percent  |
Row Pct  |
Col Pct  |       0|       1|  Total
---------+--------+--------+
      11 |9799033 | 276585 |1.008E7
         |   1.52 |   0.04 |   1.56
         |  97.25 |   2.75 |
         |   1.76 |   0.31 |
---------+--------+--------+
      12 |1.747E7 | 895028 |1.837E7
         |   2.71 |   0.14 |   2.85
         |  95.13 |   4.87 |
         |   3.15 |   1.00 |
---------+--------+--------+
      13 |1.985E7 |1857150 |2.171E7
         |   3.08 |   0.29 |   3.37
         |  91.45 |   8.55 |
         |   3.58 |   2.08 |
---------+--------+--------+
      14 |6.499E7 |9813456 |7.481E7
         |  10.08 |   1.52 |  11.60
         |  86.88 |  13.12 |
         |  11.71 |  10.97 |
---------+--------+--------+
      15 |6.224E7 |1.027E7 |7.251E7
         |   9.66 |   1.59 |  11.25
         |  85.84 |  14.16 |
         |  11.21 |  11.48 |
---------+--------+--------+
      16 |5.279E7 |8223406 |6.101E7
         |   8.19 |   1.28 |   9.46
         |  86.52 |  13.48 |
         |   9.51 |   9.20 |
---------+--------+--------+
      17 |2.882E7 |3721180 |3.254E7
         |   4.47 |   0.58 |   5.05
         |  88.56 |  11.44 |
         |   5.19 |   4.16 |
---------+--------+--------+
      18 |9774533 | 688980 |1.046E7
         |   1.52 |   0.11 |   1.62
         |  93.42 |   6.58 |
         |   1.76 |   0.77 |
---------+--------+--------+
Total     5.552E8  8.943E7  6.447E8
            86.13    13.87   100.00
